#
# A fatal error has been detected by the Java Runtime Environment:
#
#  EXCEPTION_ACCESS_VIOLATION (0xc0000005) at pc=0x000000005a664e07, pid=8076, tid=0x0000000000001eec
#
# JRE version: Java(TM) SE Runtime Environment (8.0_201-b09) (build 1.8.0_201-b09)
# Java VM: Java HotSpot(TM) 64-Bit Server VM (25.201-b09 mixed mode windows-amd64 compressed oops)
# Problematic frame:
# V  [jvm.dll+0x214e07]
#
# Failed to write core dump. Minidumps are not enabled by default on client versions of Windows
#
# If you would like to submit a bug report, please visit:
#   http://bugreport.java.com/bugreport/crash.jsp
#

---------------  T H R E A D  ---------------

Current thread (0x00000000168fd800):  JavaThread "RMI Scheduler(0)" daemon [_thread_in_vm, id=7916, stack(0x0000000018cf0000,0x0000000018df0000)]

siginfo: ExceptionCode=0xc0000005, writing address 0x0000000018de99c0

Registers:
RAX=0x0000000018de99c0, RBX=0x0000000000000007, RCX=0x0000000000006000, RDX=0x0000000000000006
RSP=0x0000000018def9c0, RBP=0x0000000000000000, RSI=0x0000000018def9c0, RDI=0x0000000000000007
R8 =0x0000000000000006, R9 =0x00000000168f0aa0, R10=0x00000000145ac570, R11=0x0000000018cfa148
R12=0x00000000168f0aa0, R13=0x00000000168fd800, R14=0x0000000018defa88, R15=0x00000000145ac570
RIP=0x000000005a664e07, EFLAGS=0x0000000000010206

Top of Stack: (sp=0x0000000018def9c0)
0x0000000018def9c0:   0000000000000001 0000000100006bd0
0x0000000018def9d0:   00000000168fd800 00000000168f0aa0
0x0000000018def9e0:   00000000ffffffff 000000005a665d37
0x0000000018def9f0:   0000000018defaf0 00000000145ac570
0x0000000018defa00:   00000000168fd800 000000005a511163
0x0000000018defa10:   0000000018defa50 00000000168fd800
0x0000000018defa20:   0000000018defae0 00000000168fd800
0x0000000018defa30:   00000000145ac570 00000000168fd800
0x0000000018defa40:   0000000002d63be0 00000000168fd800
0x0000000018defa50:   00000000145ac570 00000000168fd800
0x0000000018defa60:   00000000145ac570 00000000168fd800
0x0000000018defa70:   0000000000000001 00000000145ac570
0x0000000018defa80:   00000000168fd800 0000000016a519d0
0x0000000018defa90:   00000000168fd800 000000005a5128cd
0x0000000018defaa0:   0000000018defda8 0000000100006bd0
0x0000000018defab0:   0000000100006bd0 0000000000000000 

Instructions: (pc=0x000000005a664e07)
0x000000005a664de7:   48 89 6c 24 30 33 ed 66 90 e8 0b 5d 08 00 ff c3
0x000000005a664df7:   48 63 c8 48 8b c6 48 0f af cf 48 ff c7 48 2b c1
0x000000005a664e07:   89 28 48 63 c3 48 3b 05 95 9a 59 00 7e db 48 8b
0x000000005a664e17:   6c 24 30 48 8b 5c 24 38 48 8b 74 24 40 48 83 c4 


Register to memory mapping:

RAX=0x0000000018de99c0 is pointing into the stack for thread: 0x00000000168fd800
RBX=0x0000000000000007 is an unknown value
RCX=0x0000000000006000 is an unknown value
RDX=0x0000000000000006 is an unknown value
RSP=0x0000000018def9c0 is pointing into the stack for thread: 0x00000000168fd800
RBP=0x0000000000000000 is an unknown value
RSI=0x0000000018def9c0 is pointing into the stack for thread: 0x00000000168fd800
RDI=0x0000000000000007 is an unknown value
R8 =0x0000000000000006 is an unknown value
R9 =0x00000000168f0aa0 is an unknown value
R10={method} {0x00000000145ac578} 'run' '()V' in 'java/lang/Thread'
R11=0x0000000018cfa148 is pointing into the stack for thread: 0x00000000168fd800
R12=0x00000000168f0aa0 is an unknown value
R13=0x00000000168fd800 is a thread
R14=0x0000000018defa88 is pointing into the stack for thread: 0x00000000168fd800
R15={method} {0x00000000145ac578} 'run' '()V' in 'java/lang/Thread'


Stack: [0x0000000018cf0000,0x0000000018df0000],  sp=0x0000000018def9c0,  free space=1022k
Native frames: (J=compiled Java code, j=interpreted, Vv=VM code, C=native code)


---------------  P R O C E S S  ---------------

Java Threads: ( => current thread )
=>0x00000000168fd800 JavaThread "RMI Scheduler(0)" daemon [_thread_in_vm, id=7916, stack(0x0000000018cf0000,0x0000000018df0000)]
  0x00000000174cf000 JavaThread "restartedMain" [_thread_blocked, id=10016, stack(0x00000000189f0000,0x0000000018af0000)]
  0x0000000016aa0000 JavaThread "Thread-1" [_thread_blocked, id=5212, stack(0x00000000188f0000,0x00000000189f0000)]
  0x00000000172bd800 JavaThread "RMI TCP Connection(1)-127.0.0.1" daemon [_thread_in_native, id=7180, stack(0x00000000187f0000,0x00000000188f0000)]
  0x00000000172e1000 JavaThread "RMI TCP Accept-0" daemon [_thread_in_native, id=5836, stack(0x0000000017eb0000,0x0000000017fb0000)]
  0x00000000172df000 JavaThread "RMI TCP Accept-52575" daemon [_thread_in_native, id=6432, stack(0x00000000179b0000,0x0000000017ab0000)]
  0x00000000172d3000 JavaThread "RMI TCP Accept-0" daemon [_thread_in_native, id=10176, stack(0x00000000178b0000,0x00000000179b0000)]
  0x000000001679e000 JavaThread "Service Thread" daemon [_thread_blocked, id=8280, stack(0x0000000016c70000,0x0000000016d70000)]
  0x0000000016780800 JavaThread "C1 CompilerThread2" daemon [_thread_blocked, id=1848, stack(0x0000000016b70000,0x0000000016c70000)]
  0x0000000014f23800 JavaThread "C2 CompilerThread1" daemon [_thread_blocked, id=8940, stack(0x0000000016670000,0x0000000016770000)]
  0x0000000014f21000 JavaThread "C2 CompilerThread0" daemon [_thread_blocked, id=2652, stack(0x0000000016570000,0x0000000016670000)]
  0x0000000014f1f800 JavaThread "Attach Listener" daemon [_thread_blocked, id=10156, stack(0x0000000016470000,0x0000000016570000)]
  0x0000000014f1e800 JavaThread "Signal Dispatcher" daemon [_thread_blocked, id=5724, stack(0x0000000016370000,0x0000000016470000)]
  0x0000000014f0a000 JavaThread "Finalizer" daemon [_thread_blocked, id=7084, stack(0x0000000016170000,0x0000000016270000)]
  0x0000000002d44000 JavaThread "Reference Handler" daemon [_thread_blocked, id=8352, stack(0x0000000016070000,0x0000000016170000)]
  0x0000000002c55000 JavaThread "main" [_thread_blocked, id=6828, stack(0x0000000002af0000,0x0000000002bf0000)]

Other Threads:
  0x0000000014ee7800 VMThread [stack: 0x0000000015f70000,0x0000000016070000] [id=6912]
  0x00000000172e3000 WatcherThread [stack: 0x0000000017fb0000,0x00000000180b0000] [id=7788]

VM state:synchronizing (normal execution)

VM Mutex/Monitor currently owned by a thread:  ([mutex/lock_event])
[0x0000000002c51fd0] Threads_lock - owner thread: 0x0000000014ee7800

heap address: 0x00000000c8800000, size: 888 MB, Compressed Oops mode: 32-bit
Narrow klass base: 0x0000000000000000, Narrow klass shift: 3
Compressed class space size: 1073741824 Address: 0x0000000100000000

Heap:
 PSYoungGen      total 16896K, used 259K [0x00000000ed800000, 0x00000000eea80000, 0x0000000100000000)
  eden space 14848K, 1% used [0x00000000ed800000,0x00000000ed840ee8,0x00000000ee680000)
  from space 2048K, 0% used [0x00000000ee880000,0x00000000ee880000,0x00000000eea80000)
  to   space 2048K, 0% used [0x00000000ee680000,0x00000000ee680000,0x00000000ee880000)
 ParOldGen       total 27136K, used 2190K [0x00000000c8800000, 0x00000000ca280000, 0x00000000ed800000)
  object space 27136K, 8% used [0x00000000c8800000,0x00000000c8a23850,0x00000000ca280000)
 Metaspace       used 10345K, capacity 10620K, committed 10880K, reserved 1067008K
  class space    used 1299K, capacity 1389K, committed 1408K, reserved 1048576K

Card table byte_map: [0x0000000012110000,0x00000000122d0000] byte_map_base: 0x0000000011acc000

Marking Bits: (ParMarkBitMap*) 0x000000005ac74ce0
 Begin Bits: [0x0000000012800000, 0x00000000135e0000)
 End Bits:   [0x00000000135e0000, 0x00000000143c0000)

Polling page: 0x0000000000ed0000

CodeCache: size=245760Kb used=2471Kb max_used=2471Kb free=243288Kb
 bounds [0x0000000002d50000, 0x0000000002fc0000, 0x0000000011d50000]
 total_blobs=1239 nmethods=876 adapters=277
 compilation: enabled

Compilation events (10 events):
Event: 29.320 Thread 0x0000000016780800  868       1       jdk.internal.org.objectweb.asm.MethodWriter::visitInsn (106 bytes)
Event: 29.320 Thread 0x0000000016780800 nmethod 868 0x0000000002fb59d0 code [0x0000000002fb5b60, 0x0000000002fb5dc8]
Event: 29.347 Thread 0x0000000016780800  869       1       java.util.ArrayList::toArray (60 bytes)
Event: 29.348 Thread 0x0000000016780800 nmethod 869 0x0000000002fb5f90 code [0x0000000002fb6100, 0x0000000002fb6438]
Event: 29.348 Thread 0x0000000016780800  870   !   1       java.lang.invoke.MemberName$Factory::resolve (145 bytes)
Event: 29.349 Thread 0x0000000016780800 nmethod 870 0x0000000002fb6690 code [0x0000000002fb6840, 0x0000000002fb6b68]
Event: 29.349 Thread 0x0000000016780800  871   !   1       java.lang.invoke.MemberName::clone (14 bytes)
Event: 29.349 Thread 0x0000000016780800 nmethod 871 0x0000000002fb6e90 code [0x0000000002fb7000, 0x0000000002fb71d8]
Event: 29.349 Thread 0x0000000016780800  873       1       java.lang.invoke.LambdaForm$BasicType::basicTypeChar (8 bytes)
Event: 29.350 Thread 0x0000000016780800 nmethod 873 0x0000000002fb7310 code [0x0000000002fb7480, 0x0000000002fb7608]

GC Heap History (10 events):
Event: 27.555 GC heap before
{Heap before GC invocations=9 (full 3):
 PSYoungGen      total 16896K, used 0K [0x00000000ed800000, 0x00000000eea80000, 0x0000000100000000)
  eden space 14848K, 0% used [0x00000000ed800000,0x00000000ed800000,0x00000000ee680000)
  from space 2048K, 0% used [0x00000000ee880000,0x00000000ee880000,0x00000000eea80000)
  to   space 2048K, 0% used [0x00000000ee680000,0x00000000ee680000,0x00000000ee880000)
 ParOldGen       total 27136K, used 3022K [0x00000000c8800000, 0x00000000ca280000, 0x00000000ed800000)
  object space 27136K, 11% used [0x00000000c8800000,0x00000000c8af3a80,0x00000000ca280000)
 Metaspace       used 9938K, capacity 10126K, committed 10368K, reserved 1069056K
  class space    used 1227K, capacity 1313K, committed 1408K, reserved 1048576K
Event: 27.598 GC heap after
Heap after GC invocations=9 (full 3):
 PSYoungGen      total 16896K, used 0K [0x00000000ed800000, 0x00000000eea80000, 0x0000000100000000)
  eden space 14848K, 0% used [0x00000000ed800000,0x00000000ed800000,0x00000000ee680000)
  from space 2048K, 0% used [0x00000000ee880000,0x00000000ee880000,0x00000000eea80000)
  to   space 2048K, 0% used [0x00000000ee680000,0x00000000ee680000,0x00000000ee880000)
 ParOldGen       total 27136K, used 2351K [0x00000000c8800000, 0x00000000ca280000, 0x00000000ed800000)
  object space 27136K, 8% used [0x00000000c8800000,0x00000000c8a4be28,0x00000000ca280000)
 Metaspace       used 9911K, capacity 10084K, committed 10368K, reserved 1064960K
  class space    used 1220K, capacity 1300K, committed 1408K, reserved 1048576K
}
Event: 29.161 GC heap before
{Heap before GC invocations=10 (full 3):
 PSYoungGen      total 16896K, used 2650K [0x00000000ed800000, 0x00000000eea80000, 0x0000000100000000)
  eden space 14848K, 17% used [0x00000000ed800000,0x00000000eda96b10,0x00000000ee680000)
  from space 2048K, 0% used [0x00000000ee880000,0x00000000ee880000,0x00000000eea80000)
  to   space 2048K, 0% used [0x00000000ee680000,0x00000000ee680000,0x00000000ee880000)
 ParOldGen       total 27136K, used 2351K [0x00000000c8800000, 0x00000000ca280000, 0x00000000ed800000)
  object space 27136K, 8% used [0x00000000c8800000,0x00000000c8a4be28,0x00000000ca280000)
 Metaspace       used 10210K, capacity 10452K, committed 10624K, reserved 1069056K
  class space    used 1271K, capacity 1379K, committed 1408K, reserved 1048576K
Event: 29.163 GC heap after
Heap after GC invocations=10 (full 3):
 PSYoungGen      total 16896K, used 288K [0x00000000ed800000, 0x00000000eea80000, 0x0000000100000000)
  eden space 14848K, 0% used [0x00000000ed800000,0x00000000ed800000,0x00000000ee680000)
  from space 2048K, 14% used [0x00000000ee680000,0x00000000ee6c8000,0x00000000ee880000)
  to   space 2048K, 0% used [0x00000000ee880000,0x00000000ee880000,0x00000000eea80000)
 ParOldGen       total 27136K, used 2359K [0x00000000c8800000, 0x00000000ca280000, 0x00000000ed800000)
  object space 27136K, 8% used [0x00000000c8800000,0x00000000c8a4de28,0x00000000ca280000)
 Metaspace       used 10210K, capacity 10452K, committed 10624K, reserved 1069056K
  class space    used 1271K, capacity 1379K, committed 1408K, reserved 1048576K
}
Event: 29.163 GC heap before
{Heap before GC invocations=11 (full 4):
 PSYoungGen      total 16896K, used 288K [0x00000000ed800000, 0x00000000eea80000, 0x0000000100000000)
  eden space 14848K, 0% used [0x00000000ed800000,0x00000000ed800000,0x00000000ee680000)
  from space 2048K, 14% used [0x00000000ee680000,0x00000000ee6c8000,0x00000000ee880000)
  to   space 2048K, 0% used [0x00000000ee880000,0x00000000ee880000,0x00000000eea80000)
 ParOldGen       total 27136K, used 2359K [0x00000000c8800000, 0x00000000ca280000, 0x00000000ed800000)
  object space 27136K, 8% used [0x00000000c8800000,0x00000000c8a4de28,0x00000000ca280000)
 Metaspace       used 10210K, capacity 10452K, committed 10624K, reserved 1069056K
  class space    used 1271K, capacity 1379K, committed 1408K, reserved 1048576K
Event: 29.203 GC heap after
Heap after GC invocations=11 (full 4):
 PSYoungGen      total 16896K, used 0K [0x00000000ed800000, 0x00000000eea80000, 0x0000000100000000)
  eden space 14848K, 0% used [0x00000000ed800000,0x00000000ed800000,0x00000000ee680000)
  from space 2048K, 0% used [0x00000000ee680000,0x00000000ee680000,0x00000000ee880000)
  to   space 2048K, 0% used [0x00000000ee880000,0x00000000ee880000,0x00000000eea80000)
 ParOldGen       total 27136K, used 2268K [0x00000000c8800000, 0x00000000ca280000, 0x00000000ed800000)
  object space 27136K, 8% used [0x00000000c8800000,0x00000000c8a371b0,0x00000000ca280000)
 Metaspace       used 10210K, capacity 10452K, committed 10624K, reserved 1067008K
  class space    used 1271K, capacity 1379K, committed 1408K, reserved 1048576K
}
Event: 29.203 GC heap before
{Heap before GC invocations=12 (full 4):
 PSYoungGen      total 16896K, used 131K [0x00000000ed800000, 0x00000000eea80000, 0x0000000100000000)
  eden space 14848K, 0% used [0x00000000ed800000,0x00000000ed820d08,0x00000000ee680000)
  from space 2048K, 0% used [0x00000000ee680000,0x00000000ee680000,0x00000000ee880000)
  to   space 2048K, 0% used [0x00000000ee880000,0x00000000ee880000,0x00000000eea80000)
 ParOldGen       total 27136K, used 2268K [0x00000000c8800000, 0x00000000ca280000, 0x00000000ed800000)
  object space 27136K, 8% used [0x00000000c8800000,0x00000000c8a371b0,0x00000000ca280000)
 Metaspace       used 10210K, capacity 10452K, committed 10624K, reserved 1071104K
  class space    used 1271K, capacity 1379K, committed 1408K, reserved 1048576K
Event: 29.205 GC heap after
Heap after GC invocations=12 (full 4):
 PSYoungGen      total 16896K, used 96K [0x00000000ed800000, 0x00000000eea80000, 0x0000000100000000)
  eden space 14848K, 0% used [0x00000000ed800000,0x00000000ed800000,0x00000000ee680000)
  from space 2048K, 4% used [0x00000000ee880000,0x00000000ee898000,0x00000000eea80000)
  to   space 2048K, 0% used [0x00000000ee680000,0x00000000ee680000,0x00000000ee880000)
 ParOldGen       total 27136K, used 2268K [0x00000000c8800000, 0x00000000ca280000, 0x00000000ed800000)
  object space 27136K, 8% used [0x00000000c8800000,0x00000000c8a371b0,0x00000000ca280000)
 Metaspace       used 10210K, capacity 10452K, committed 10624K, reserved 1071104K
  class space    used 1271K, capacity 1379K, committed 1408K, reserved 1048576K
}
Event: 29.205 GC heap before
{Heap before GC invocations=13 (full 5):
 PSYoungGen      total 16896K, used 96K [0x00000000ed800000, 0x00000000eea80000, 0x0000000100000000)
  eden space 14848K, 0% used [0x00000000ed800000,0x00000000ed800000,0x00000000ee680000)
  from space 2048K, 4% used [0x00000000ee880000,0x00000000ee898000,0x00000000eea80000)
  to   space 2048K, 0% used [0x00000000ee680000,0x00000000ee680000,0x00000000ee880000)
 ParOldGen       total 27136K, used 2268K [0x00000000c8800000, 0x00000000ca280000, 0x00000000ed800000)
  object space 27136K, 8% used [0x00000000c8800000,0x00000000c8a371b0,0x00000000ca280000)
 Metaspace       used 10210K, capacity 10452K, committed 10624K, reserved 1071104K
  class space    used 1271K, capacity 1379K, committed 1408K, reserved 1048576K
Event: 29.220 GC heap after
Heap after GC invocations=13 (full 5):
 PSYoungGen      total 16896K, used 0K [0x00000000ed800000, 0x00000000eea80000, 0x0000000100000000)
  eden space 14848K, 0% used [0x00000000ed800000,0x00000000ed800000,0x00000000ee680000)
  from space 2048K, 0% used [0x00000000ee880000,0x00000000ee880000,0x00000000eea80000)
  to   space 2048K, 0% used [0x00000000ee680000,0x00000000ee680000,0x00000000ee880000)
 ParOldGen       total 27136K, used 2190K [0x00000000c8800000, 0x00000000ca280000, 0x00000000ed800000)
  object space 27136K, 8% used [0x00000000c8800000,0x00000000c8a23850,0x00000000ca280000)
 Metaspace       used 10210K, capacity 10452K, committed 10624K, reserved 1067008K
  class space    used 1271K, capacity 1379K, committed 1408K, reserved 1048576K
}

Deoptimization events (0 events):
No events

Classes redefined (0 events):
No events

Internal exceptions (10 events):
Event: 26.317 Thread 0x0000000002c55000 Exception <a 'java/lang/ArrayIndexOutOfBoundsException'> (0x00000000edaa0060) thrown at [C:\re\workspace\8-2-build-windows-amd64-cygwin\jdk8u201\12322\hotspot\src\share\vm\runtime\sharedRuntime.cpp, line 605]
Event: 26.317 Thread 0x0000000002c55000 Exception <a 'java/lang/ArrayIndexOutOfBoundsException'> (0x00000000edaa2118) thrown at [C:\re\workspace\8-2-build-windows-amd64-cygwin\jdk8u201\12322\hotspot\src\share\vm\runtime\sharedRuntime.cpp, line 605]
Event: 26.317 Thread 0x0000000002c55000 Exception <a 'java/lang/ArrayIndexOutOfBoundsException'> (0x00000000edaa3cc0) thrown at [C:\re\workspace\8-2-build-windows-amd64-cygwin\jdk8u201\12322\hotspot\src\share\vm\runtime\sharedRuntime.cpp, line 605]
Event: 26.318 Thread 0x0000000002c55000 Exception <a 'java/lang/ArrayIndexOutOfBoundsException'> (0x00000000edaa59c0) thrown at [C:\re\workspace\8-2-build-windows-amd64-cygwin\jdk8u201\12322\hotspot\src\share\vm\runtime\sharedRuntime.cpp, line 605]
Event: 26.318 Thread 0x0000000002c55000 Exception <a 'java/lang/ArrayIndexOutOfBoundsException'> (0x00000000edaa8160) thrown at [C:\re\workspace\8-2-build-windows-amd64-cygwin\jdk8u201\12322\hotspot\src\share\vm\runtime\sharedRuntime.cpp, line 605]
Event: 26.319 Thread 0x0000000002c55000 Exception <a 'java/lang/ArrayIndexOutOfBoundsException'> (0x00000000edab8330) thrown at [C:\re\workspace\8-2-build-windows-amd64-cygwin\jdk8u201\12322\hotspot\src\share\vm\runtime\sharedRuntime.cpp, line 605]
Event: 26.320 Thread 0x0000000002c55000 Exception <a 'java/lang/ArrayIndexOutOfBoundsException'> (0x00000000edab9c80) thrown at [C:\re\workspace\8-2-build-windows-amd64-cygwin\jdk8u201\12322\hotspot\src\share\vm\runtime\sharedRuntime.cpp, line 605]
Event: 26.321 Thread 0x0000000002c55000 Exception <a 'java/lang/ArrayIndexOutOfBoundsException'> (0x00000000edac35a0) thrown at [C:\re\workspace\8-2-build-windows-amd64-cygwin\jdk8u201\12322\hotspot\src\share\vm\runtime\sharedRuntime.cpp, line 605]
Event: 26.321 Thread 0x0000000002c55000 Exception <a 'java/lang/ArrayIndexOutOfBoundsException'> (0x00000000edac5130) thrown at [C:\re\workspace\8-2-build-windows-amd64-cygwin\jdk8u201\12322\hotspot\src\share\vm\runtime\sharedRuntime.cpp, line 605]
Event: 28.056 Thread 0x0000000016aa0000 Exception <a 'java/lang/NoSuchMethodError': java.lang.Object.lambda$static$0(Ljava/lang/Throwable;)Lorg/springframework/boot/devtools/restart/FailureHandler$Outcome;> (0x00000000ed8c8af8) thrown at [C:\re\workspace\8-2-build-windows-amd64-cygwin\jdk8u201\

Events (10 events):
Event: 29.346 loading class java/util/stream/FindOps done
Event: 29.346 loading class java/util/stream/FindOps$FindOp
Event: 29.346 loading class sun/rmi/transport/SequenceEntry done
Event: 29.346 loading class sun/rmi/server/MarshalOutputStream$1
Event: 29.347 loading class java/util/stream/TerminalOp
Event: 29.347 loading class sun/rmi/server/MarshalOutputStream$1 done
Event: 29.347 loading class java/io/ObjectStreamClass$2
Event: 29.348 loading class java/util/stream/TerminalOp done
Event: 29.348 loading class java/util/stream/FindOps$FindOp done
Event: 29.349 loading class java/util/stream/FindOps$FindSink$OfRef


Dynamic libraries:
0x00007ff6d03f0000 - 0x00007ff6d0427000 	C:\Program Files\Java\jre1.8.0_201\bin\javaw.exe
0x00007ffdcede0000 - 0x00007ffdcefcd000 	C:\WINDOWS\SYSTEM32\ntdll.dll
0x00007ffdcc8c0000 - 0x00007ffdcc973000 	C:\WINDOWS\System32\KERNEL32.DLL
0x00007ffdcb040000 - 0x00007ffdcb2d5000 	C:\WINDOWS\System32\KERNELBASE.dll
0x00007ffdcc680000 - 0x00007ffdcc723000 	C:\WINDOWS\System32\ADVAPI32.dll
0x00007ffdcc580000 - 0x00007ffdcc61e000 	C:\WINDOWS\System32\msvcrt.dll
0x00007ffdcd230000 - 0x00007ffdcd2ce000 	C:\WINDOWS\System32\sechost.dll
0x00007ffdcc080000 - 0x00007ffdcc1a2000 	C:\WINDOWS\System32\RPCRT4.dll
0x00007ffdcc270000 - 0x00007ffdcc407000 	C:\WINDOWS\System32\USER32.dll
0x00007ffdcb550000 - 0x00007ffdcb570000 	C:\WINDOWS\System32\win32u.dll
0x00007ffdcc650000 - 0x00007ffdcc679000 	C:\WINDOWS\System32\GDI32.dll
0x00007ffdcb2e0000 - 0x00007ffdcb47a000 	C:\WINDOWS\System32\gdi32full.dll
0x00007ffdcb4b0000 - 0x00007ffdcb550000 	C:\WINDOWS\System32\msvcp_win.dll
0x00007ffdcaf20000 - 0x00007ffdcb01a000 	C:\WINDOWS\System32\ucrtbase.dll
0x00007ffdb5930000 - 0x00007ffdb5ba9000 	C:\WINDOWS\WinSxS\amd64_microsoft.windows.common-controls_6595b64144ccf1df_6.0.17763.1282_none_de75b6f253473c0f\COMCTL32.dll
0x00007ffdcccc0000 - 0x00007ffdccfec000 	C:\WINDOWS\System32\combase.dll
0x00007ffdcaea0000 - 0x00007ffdcaf1e000 	C:\WINDOWS\System32\bcryptPrimitives.dll
0x00007ffdccc90000 - 0x00007ffdcccbe000 	C:\WINDOWS\System32\IMM32.DLL
0x0000000059900000 - 0x00000000599d1000 	C:\Program Files\Java\jre1.8.0_201\bin\msvcr100.dll
0x000000005a450000 - 0x000000005acf4000 	C:\Program Files\Java\jre1.8.0_201\bin\server\jvm.dll
0x00007ffdcd3c0000 - 0x00007ffdcd3c8000 	C:\WINDOWS\System32\PSAPI.DLL
0x00007ffdc9f30000 - 0x00007ffdc9f3a000 	C:\WINDOWS\SYSTEM32\VERSION.dll
0x00007ffdc86a0000 - 0x00007ffdc86c4000 	C:\WINDOWS\SYSTEM32\WINMM.dll
0x00007ffdc0350000 - 0x00007ffdc0359000 	C:\WINDOWS\SYSTEM32\WSOCK32.dll
0x00007ffdcd2d0000 - 0x00007ffdcd33d000 	C:\WINDOWS\System32\WS2_32.dll
0x00007ffdc80b0000 - 0x00007ffdc80dd000 	C:\WINDOWS\SYSTEM32\WINMMBASE.dll
0x00007ffdcbd20000 - 0x00007ffdcbd6a000 	C:\WINDOWS\System32\cfgmgr32.dll
0x00007ffdbbca0000 - 0x00007ffdbbcaf000 	C:\Program Files\Java\jre1.8.0_201\bin\verify.dll
0x00007ffd8cd20000 - 0x00007ffd8cd49000 	C:\Program Files\Java\jre1.8.0_201\bin\java.dll
0x00007ffd8cd00000 - 0x00007ffd8cd16000 	C:\Program Files\Java\jre1.8.0_201\bin\zip.dll
0x00007ffdcd850000 - 0x00007ffdced48000 	C:\WINDOWS\System32\SHELL32.dll
0x00007ffdccb30000 - 0x00007ffdccbd8000 	C:\WINDOWS\System32\shcore.dll
0x00007ffdcb570000 - 0x00007ffdcbcbf000 	C:\WINDOWS\System32\windows.storage.dll
0x00007ffdcae70000 - 0x00007ffdcae94000 	C:\WINDOWS\System32\profapi.dll
0x00007ffdcadf0000 - 0x00007ffdcae4d000 	C:\WINDOWS\System32\powrprof.dll
0x00007ffdcc730000 - 0x00007ffdcc782000 	C:\WINDOWS\System32\shlwapi.dll
0x00007ffdcadd0000 - 0x00007ffdcade1000 	C:\WINDOWS\System32\kernel.appcore.dll
0x00007ffdcb020000 - 0x00007ffdcb037000 	C:\WINDOWS\System32\cryptsp.dll
0x00007ffdc5f20000 - 0x00007ffdc5f2d000 	C:\Program Files\Java\jre1.8.0_201\bin\management.dll
0x00007ffd8cce0000 - 0x00007ffd8ccfa000 	C:\Program Files\Java\jre1.8.0_201\bin\net.dll
0x00007ffdbe630000 - 0x00007ffdbe807000 	C:\WINDOWS\SYSTEM32\urlmon.dll
0x00007ffdbe9d0000 - 0x00007ffdbec78000 	C:\WINDOWS\SYSTEM32\iertutil.dll
0x00007ffdcabc0000 - 0x00007ffdcabcc000 	C:\WINDOWS\SYSTEM32\CRYPTBASE.DLL
0x00007ffdca5d0000 - 0x00007ffdca637000 	C:\WINDOWS\system32\mswsock.dll
0x00007ffd8ccc0000 - 0x00007ffd8ccd1000 	C:\Program Files\Java\jre1.8.0_201\bin\nio.dll
0x00007ffd8d020000 - 0x00007ffd8d036000 	C:\WINDOWS\system32\napinsp.dll
0x00007ffd8d000000 - 0x00007ffd8d01a000 	C:\WINDOWS\system32\pnrpnsp.dll
0x00007ffdc2130000 - 0x00007ffdc2145000 	C:\WINDOWS\system32\wshbth.dll
0x00007ffdc74b0000 - 0x00007ffdc74cb000 	C:\WINDOWS\system32\NLAapi.dll
0x00007ffdca2f0000 - 0x00007ffdca32d000 	C:\WINDOWS\SYSTEM32\IPHLPAPI.DLL
0x00007ffdca330000 - 0x00007ffdca3f7000 	C:\WINDOWS\SYSTEM32\DNSAPI.dll
0x00007ffdcd0c0000 - 0x00007ffdcd0c8000 	C:\WINDOWS\System32\NSI.dll
0x00007ffdbbcd0000 - 0x00007ffdbbcde000 	C:\WINDOWS\System32\winrnr.dll
0x00007ffdbccc0000 - 0x00007ffdbccca000 	C:\Windows\System32\rasadhlp.dll
0x00007ffdbcf80000 - 0x00007ffdbcff9000 	C:\WINDOWS\System32\fwpuclnt.dll
0x00007ffdcb480000 - 0x00007ffdcb4a6000 	C:\WINDOWS\System32\bcrypt.dll
0x00007ffdca150000 - 0x00007ffdca183000 	C:\WINDOWS\system32\rsaenh.dll
0x00007ffdcad00000 - 0x00007ffdcad28000 	C:\WINDOWS\SYSTEM32\USERENV.dll
0x00007ffdc1100000 - 0x00007ffdc1116000 	C:\WINDOWS\SYSTEM32\dhcpcsvc6.DLL
0x00007ffdc20a0000 - 0x00007ffdc20bc000 	C:\WINDOWS\SYSTEM32\dhcpcsvc.DLL

VM Arguments:
jvm_args: -Dcom.sun.management.jmxremote -Dcom.sun.management.jmxremote.port=52575 -Dcom.sun.management.jmxremote.authenticate=false -Dcom.sun.management.jmxremote.ssl=false -Djava.rmi.server.hostname=localhost -Dspring.jmx.enabled=true -Dspring.application.admin.enabled=true -Xverify:none -XX:TieredStopAtLevel=1 -Dspring.boot.project.name=covid-19-api -Dfile.encoding=UTF-8 
java_command: com.covid19.springbootrestapi.SpringBootRestApiApplication --spring.output.ansi.enabled=always
java_class_path (initial): C:\workspace\spring-boot-rest-api\target\classes;C:\Users\sssim\.m2\repository\org\springframework\boot\spring-boot-starter-actuator\2.3.1.RELEASE\spring-boot-starter-actuator-2.3.1.RELEASE.jar;C:\Users\sssim\.m2\repository\org\springframework\boot\spring-boot-starter\2.3.1.RELEASE\spring-boot-starter-2.3.1.RELEASE.jar;C:\Users\sssim\.m2\repository\org\springframework\boot\spring-boot-starter-logging\2.3.1.RELEASE\spring-boot-starter-logging-2.3.1.RELEASE.jar;C:\Users\sssim\.m2\repository\ch\qos\logback\logback-classic\1.2.3\logback-classic-1.2.3.jar;C:\Users\sssim\.m2\repository\ch\qos\logback\logback-core\1.2.3\logback-core-1.2.3.jar;C:\Users\sssim\.m2\repository\org\apache\logging\log4j\log4j-to-slf4j\2.13.3\log4j-to-slf4j-2.13.3.jar;C:\Users\sssim\.m2\repository\org\apache\logging\log4j\log4j-api\2.13.3\log4j-api-2.13.3.jar;C:\Users\sssim\.m2\repository\org\slf4j\jul-to-slf4j\1.7.30\jul-to-slf4j-1.7.30.jar;C:\Users\sssim\.m2\repository\org\yaml\snakeyaml\1.26\snakeyaml-1.26.jar;C:\Users\sssim\.m2\repository\org\springframework\boot\spring-boot-actuator-autoconfigure\2.3.1.RELEASE\spring-boot-actuator-autoconfigure-2.3.1.RELEASE.jar;C:\Users\sssim\.m2\repository\org\springframework\boot\spring-boot-actuator\2.3.1.RELEASE\spring-boot-actuator-2.3.1.RELEASE.jar;C:\Users\sssim\.m2\repository\com\fasterxml\jackson\core\jackson-databind\2.11.0\jackson-databind-2.11.0.jar;C:\Users\sssim\.m2\repository\com\fasterxml\jackson\core\jackson-annotations\2.11.0\jackson-annotations-2.11.0.jar;C:\Users\sssim\.m2\repository\com\fasterxml\jackson\core\jackson-core\2.11.0\jackson-core-2.11.0.jar;C:\Users\sssim\.m2\repository\com\fasterxml\jackson\datatype\jackson-datatype-jsr310\2.11.0\jackson-datatype-jsr310-2.11.0.jar;C:\Users\sssim\.m2\repository\io\micrometer\micrometer-core\1.5.1\micrometer-core-1.5.1.jar;C:\Users\sssim\.m2\repository\org\hdrhistogram\HdrHistogram\2.1.12\HdrHistogram-2.1.12.jar;C:\Users\sssim\.m2\repository\org\latencyutils\Latenc
Launcher Type: SUN_STANDARD

Environment Variables:
PATH=C:/Program Files/Java/jre1.8.0_201/bin/server;C:/Program Files/Java/jre1.8.0_201/bin;C:/Program Files/Java/jre1.8.0_201/lib/amd64;C:\Program Files (x86)\Common Files\Oracle\Java\javapath;C:\WINDOWS\system32;C:\WINDOWS;C:\WINDOWS\System32\Wbem;C:\WINDOWS\System32\WindowsPowerShell\v1.0\;C:\WINDOWS\System32\OpenSSH\;C:\Program Files\nodejs\;C:\Program Files\MySQL\MySQL Shell 8.0\bin\;C:\Users\sssim\AppData\Local\Microsoft\WindowsApps;;C:\Users\sssim\AppData\Local\Programs\Microsoft VS Code\bin;C:\Users\sssim\AppData\Roaming\npm;C:\Users\sssim\Downloads\sts-4.7.0.RELEASE;
USERNAME=Silambarasan Saranya
OS=Windows_NT
PROCESSOR_IDENTIFIER=AMD64 Family 21 Model 101 Stepping 1, AuthenticAMD



---------------  S Y S T E M  ---------------

OS: Windows 10.0 , 64 bit Build 17763 (10.0.17763.1158)

CPU:total 4 (initial active 4) (4 cores per cpu, 1 threads per core) family 21 model 101 stepping 1, cmov, cx8, fxsr, mmx, sse, sse2, sse3, ssse3, sse4.1, sse4.2, popcnt, avx, avx2, aes, clmul, mmxext, 3dnowpref, lzcnt, sse4a, tsc, tscinvbit, tscinv, bmi1

Memory: 4k page, physical 3634872k(57776k free), swap 14644920k(0k free)

vm_info: Java HotSpot(TM) 64-Bit Server VM (25.201-b09) for windows-amd64 JRE (1.8.0_201-b09), built on Dec 15 2018 18:36:39 by "java_re" with MS VC++ 10.0 (VS2010)

time: Sat Jul 11 21:57:54 2020
timezone: India Standard Time
elapsed time: 29 seconds (0d 0h 0m 29s)

